gcc -g -c -DSW  -I/home/pratik/Files/MTP/ahir-master/release/pipeHandler/include -I./ .//prog.c
gcc -g -c -DSW  -I/home/pratik/Files/MTP/ahir-master/release/pipeHandler/include -I/home/pratik/Files/MTP/ahir-master/release/pthreadUtils/include -I./ .//testbench.c 
gcc -g -o testbench_sw prog.o testbench.o -L/home/pratik/Files/MTP/ahir-master/release/pipeHandler/lib -lPipeHandler -lpthread -lm
clang -O3 -std=gnu89 -I/home/pratik/Files/MTP/ahir-master/release/CtestBench/include -I/home/pratik/Files/MTP/ahir-master/release/functionLibrary//include -emit-llvm -c .//prog.c
opt --indvars --loopsimplify prog.o -o prog.opt.o 
llvm-dis prog.opt.o
llvm2aa  prog.opt.o | vcFormat >  prog.aa
Warning: no modules specified.. will translate all functions
Info: -storageinit=false: storage initializers will not be generated
Info: locating portname in constant GEP [9 x i8] c"in_data1\00"

Info: added pipe in_data1 with type $float<8,23>
Info: locating portname in constant GEP [9 x i8] c"in_data2\00"

Info: added pipe in_data2 with type $float<8,23>
Info: locating portname in constant GEP [9 x i8] c"in_data3\00"

Info: added pipe in_data3 with type $float<8,23>
Info: locating portname in constant GEP [9 x i8] c"in_data4\00"

Info: added pipe in_data4 with type $float<8,23>
Info: locating portname in constant GEP [9 x i8] c"in_data5\00"

Info: added pipe in_data5 with type $float<8,23>
Info: locating portname in constant GEP [10 x i8] c"out_data1\00"

Info: added pipe out_data1 with type $float<8,23>
Info: locating portname in constant GEP [10 x i8] c"out_data2\00"

Info: added pipe out_data2 with type $float<8,23>
Info: locating portname in constant GEP [10 x i8] c"out_data3\00"

Info: added pipe out_data3 with type $float<8,23>
Info: locating portname in constant GEP [10 x i8] c"out_data4\00"

Info: added pipe out_data4 with type $float<8,23>
Warning: Initial value specified for flux_rotor_lpf_prev_value will be ignored
Info: visiting function getSlice64
Info: traversal: visited block bb_0
Info: Basic-block chain: bb_0 
Info: visiting function getBit64
Info: traversal: visited block bb_0
Info: Basic-block chain: bb_0 
Info: visiting function setSlice64
Info: traversal: visited block bb_0
Info: Basic-block chain: bb_0 
Info: visiting function setBit64
Info: traversal: visited block bb_0
Info: Basic-block chain: bb_0 
Info: visiting function fdiv32
Info: traversal: visited block bb_0
Info: traversal: visited block bb_2
Info: traversal: visited block bb_1
Info: traversal: visited block bb_4
Info: traversal: visited block bb_3
Info: Basic-block chain: bb_0 
Info: Basic-block chain: bb_1 
Info: Basic-block chain: bb_2 
Info: Basic-block chain: bb_3 
Info: Basic-block chain: bb_4 
Info: visiting function fpmul32f
Info: traversal: visited block bb_0
Info: Basic-block chain: bb_0 
Info: visiting function fpadd32f
Info: traversal: visited block bb_0
Info: Basic-block chain: bb_0 
Info: visiting function fpsub32f
Info: traversal: visited block bb_0
Info: Basic-block chain: bb_0 
Info: visiting function fpadd32fi
Info: traversal: visited block bb_0
Info: Basic-block chain: bb_0 
Info: visiting function fpsub32fi
Info: traversal: visited block bb_0
Info: Basic-block chain: bb_0 
Info: visiting function rotor_flux_calc
Info: traversal: visited block bb_0
Info: Basic-block chain: bb_0 
Info: visiting function omega_calc
Info: traversal: visited block bb_0
Info: traversal: visited block bb_2
Info: traversal: visited block bb_1
Info: traversal: visited block fdiv32.exit
Info: traversal: visited block bb_3
Info: Basic-block chain: bb_0 
Info: Basic-block chain: bb_1 
Info: Basic-block chain: bb_2 
Info: Basic-block chain: bb_3 
Info: Basic-block chain: fdiv32x_xexit 
Info: visiting function theta_calc
Info: traversal: visited block bb_0
Info: Basic-block chain: bb_0 
Info: visiting function iq_err_calc
Info: traversal: visited block bb_0
Info: traversal: visited block bb_2
Info: traversal: visited block bb_1
Info: traversal: visited block fdiv32.exit
Info: traversal: visited block bb_3
Info: Basic-block chain: bb_0 
Info: Basic-block chain: bb_1 
Info: Basic-block chain: bb_2 
Info: Basic-block chain: bb_3 
Info: Basic-block chain: fdiv32x_xexit 
Info: visiting function vector_control_daemon
Info: traversal: visited block bb_0
Info: traversal: visited block bb_1
Info: traversal: visited block bb_2
Info: traversal: visited block bb_3
Info: traversal: visited block bb_5
Info: traversal: visited block bb_4
Info: traversal: visited block bb_8
Info: traversal: visited block bb_6
Info: traversal: visited block bb_11
Info: traversal: visited block bb_9
Info: traversal: visited block bb_7
Info: traversal: visited block bb_12
Info: traversal: visited block bb_17
Info: traversal: visited block bb_10
Info: traversal: visited block bb_14
Info: traversal: visited block bb_13
Info: traversal: visited block bb_19
Info: traversal: visited block bb_18
Info: traversal: visited block bb_16
Info: traversal: visited block bb_15
Info: traversal: visited block iq_err_calc.exit
Info: traversal: visited block bb_20
Info: traversal: visited block bb_24
Info: traversal: visited block bb_22
Info: traversal: visited block .thread9
Info: traversal: visited block bb_25
Info: traversal: visited block bb_23
Info: traversal: visited block fdiv32.exit
Info: traversal: visited block bb_26
Info: Basic-block chain: bb_0 
Info: Basic-block chain: bb_1 
Info: Basic-block chain: bb_2 
Info: Basic-block chain: bb_3 
Info: Basic-block chain: bb_4 
Info: Basic-block chain: bb_5 
Info: Basic-block chain: bb_6 
Info: Basic-block chain: bb_7 
Info: Basic-block chain: bb_8 
Info: Basic-block chain: bb_9 
Info: Basic-block chain: bb_10 
Info: Basic-block chain: bb_11 
Info: Basic-block chain: bb_12 
Info: Basic-block chain: bb_13 
Info: Basic-block chain: bb_14 
Info: Basic-block chain: bb_15 
Info: Basic-block chain: bb_16 
Info: Basic-block chain: bb_17 
Info: Basic-block chain: bb_18 
Info: Basic-block chain: bb_19 
Info: Basic-block chain: bb_20 
Info: Basic-block chain: iq_err_calcx_xexit 
Info: Basic-block chain: bb_22 
Info: Basic-block chain: bb_23 
Info: Basic-block chain: bb_24 
Info: Basic-block chain: bb_25 
Info: Basic-block chain: bb_26 
Info: Basic-block chain: xx_xthread9 
Info: Basic-block chain: fdiv32x_xexit 
Info: ignoring get-element-ptr to progx_xoptx_xo_iNtErNal_xx_xstr since it is not (really) used in any function..
Info: locating portname in constant GEP [9 x i8] c"in_data1\00"

Info: ignoring get-element-ptr to progx_xoptx_xo_iNtErNal_xx_xstr1 since it is not (really) used in any function..
Info: locating portname in constant GEP [9 x i8] c"in_data2\00"

Info: ignoring get-element-ptr to progx_xoptx_xo_iNtErNal_xx_xstr2 since it is not (really) used in any function..
Info: locating portname in constant GEP [9 x i8] c"in_data3\00"

Info: ignoring get-element-ptr to progx_xoptx_xo_iNtErNal_xx_xstr3 since it is not (really) used in any function..
Info: locating portname in constant GEP [9 x i8] c"in_data4\00"

Info: ignoring get-element-ptr to progx_xoptx_xo_iNtErNal_xx_xstr4 since it is not (really) used in any function..
Info: locating portname in constant GEP [9 x i8] c"in_data5\00"

Info: branch expression terminating basic block bb_14 is linear.
Info: ignoring get-element-ptr to progx_xoptx_xo_iNtErNal_xx_xstr5 since it is not (really) used in any function..
Info: locating portname in constant GEP [10 x i8] c"out_data1\00"

Info: ignoring get-element-ptr to progx_xoptx_xo_iNtErNal_xx_xstr6 since it is not (really) used in any function..
Info: locating portname in constant GEP [10 x i8] c"out_data2\00"

Info: ignoring get-element-ptr to progx_xoptx_xo_iNtErNal_xx_xstr7 since it is not (really) used in any function..
Info: locating portname in constant GEP [10 x i8] c"out_data3\00"

Info: ignoring get-element-ptr to progx_xoptx_xo_iNtErNal_xx_xstr8 since it is not (really) used in any function..
Info: locating portname in constant GEP [10 x i8] c"out_data4\00"

Info: visiting function read_float32
Info: ignoring external function read_float32
Info: visiting function write_float32
Info: ignoring external function write_float32
Aa2VC -O -C prog.aa | vcFormat > prog.vc
Info: -O option selected, will parallelize straight-line sequences
Info: -C option selected, will generate C-stubs for mixed C-VHDL simulation
Info: elaborating the program .... initializing the call-graph
Info: mapping object references..
Info: checking for cycles in the call-graph ... 
Info: module order:
	fdiv32
	fpadd32f
	fpadd32fi
	fpmul32f
	fpsub32f
	fpsub32fi
	getBit64
	getSlice64
	iq_err_calc
	omega_calc
	rotor_flux_calc
	setBit64
	setSlice64
	theta_calc
	vector_control_daemon
Info: marking modules reachable from root-modules ... 
Info: module fdiv32 is reachable from a specified root module.
Info: module fpadd32f is reachable from a specified root module.
Info: module fpadd32fi is reachable from a specified root module.
Info: module fpmul32f is reachable from a specified root module.
Info: module fpsub32f is reachable from a specified root module.
Info: module fpsub32fi is reachable from a specified root module.
Info: module getBit64 is reachable from a specified root module.
Info: module getSlice64 is reachable from a specified root module.
Info: module iq_err_calc is reachable from a specified root module.
Info: module omega_calc is reachable from a specified root module.
Info: module rotor_flux_calc is reachable from a specified root module.
Info: module setBit64 is reachable from a specified root module.
Info: module setSlice64 is reachable from a specified root module.
Info: module theta_calc is reachable from a specified root module.
Info: module vector_control_daemon is reachable from a specified root module.
Info: propagating types in the program ... 
Info: coalescing storage into distinct memory spaces ... 
Info: Marking foreign pointers in modules which are not called from the program
Info: Coalescing storage from native objects..
Info: Recoalescing from l with addressable-object foreign( $void )
Info: Recoalescing from ret_val__ with addressable-object foreign( $void )
Info: Recoalescing from reg with addressable-object foreign( $void )
Info: Recoalescing from h with addressable-object foreign( $void )
Info: Recoalescing from reg with addressable-object foreign( $void )
Info: Recoalescing from pos with addressable-object foreign( $void )
Info: Recoalescing from ret_val__ with addressable-object foreign( $void )
Info: Recoalescing from reg with addressable-object foreign( $void )
Info: Recoalescing from h with addressable-object foreign( $void )
Info: Recoalescing from l with addressable-object foreign( $void )
Info: Recoalescing from value with addressable-object foreign( $void )
Info: Recoalescing from ret_val__ with addressable-object foreign( $void )
Info: Recoalescing from reg with addressable-object foreign( $void )
Info: Recoalescing from pos with addressable-object foreign( $void )
Info: Recoalescing from value with addressable-object foreign( $void )
Info: Recoalescing from ret_val__ with addressable-object foreign( $void )
Info: Recoalescing from a with addressable-object foreign( $void )
Info: Recoalescing from b with addressable-object foreign( $void )
Info: Recoalescing from ret_val__ with addressable-object foreign( $void )
Info: Recoalescing from x with addressable-object foreign( $void )
Info: Recoalescing from y with addressable-object foreign( $void )
Info: Recoalescing from ret_val__ with addressable-object foreign( $void )
Info: Recoalescing from x with addressable-object foreign( $void )
Info: Recoalescing from y with addressable-object foreign( $void )
Info: Recoalescing from ret_val__ with addressable-object foreign( $void )
Info: Recoalescing from x with addressable-object foreign( $void )
Info: Recoalescing from y with addressable-object foreign( $void )
Info: Recoalescing from ret_val__ with addressable-object foreign( $void )
Info: Recoalescing from x with addressable-object foreign( $void )
Info: Recoalescing from y with addressable-object foreign( $void )
Info: Recoalescing from ret_val__ with addressable-object foreign( $void )
Info: Recoalescing from x with addressable-object foreign( $void )
Info: Recoalescing from y with addressable-object foreign( $void )
Info: Recoalescing from ret_val__ with addressable-object foreign( $void )
Info: Recoalescing from del_t with addressable-object foreign( $void )
Info: Recoalescing from Lm with addressable-object foreign( $void )
Info: Recoalescing from id with addressable-object foreign( $void )
Info: Recoalescing from flux_rotor_prev with addressable-object foreign( $void )
Info: Recoalescing from tau_new with addressable-object foreign( $void )
Info: Recoalescing from tau_r with addressable-object foreign( $void )
Info: Recoalescing from ret_val__ with addressable-object foreign( $void )
Info: Recoalescing from Lm with addressable-object foreign( $void )
Info: Recoalescing from iq with addressable-object foreign( $void )
Info: Recoalescing from tau_r with addressable-object foreign( $void )
Info: Recoalescing from flux_rotor with addressable-object foreign( $void )
Info: Recoalescing from ret_val__ with addressable-object foreign( $void )
Info: Recoalescing from omega_r with addressable-object foreign( $void )
Info: Recoalescing from omega_m with addressable-object foreign( $void )
Info: Recoalescing from del_t with addressable-object foreign( $void )
Info: Recoalescing from theta_prev with addressable-object foreign( $void )
Info: Recoalescing from ret_val__ with addressable-object foreign( $void )
Info: Recoalescing from Lr with addressable-object foreign( $void )
Info: Recoalescing from torque_ref with addressable-object foreign( $void )
Info: Recoalescing from flux_rotor_lpf_prev_value with addressable-object foreign( $void )
Info: Recoalescing from constant_1 with addressable-object foreign( $void )
Info: Recoalescing from flux_rotor with addressable-object foreign( $void )
Info: Recoalescing from ret_val__ with addressable-object foreign( $void )
Info: Finished coalescing storage.. identified 2 disjoint memory space(s)
Info: Memory space 0: flux_rotor_lpf_prev_value 
Info: Memory space 1: 
Warning: foreign storage object ignored in memory space identification
Warning: memory space memory_space_1 is not written into in the program
Warning: memory space memory_space_1 is not read from in the program
Warning: memory space memory_space_1 is not accessed 
Info: propagating constants in the program ... 
Info: Writing optimized VC model.. 
Warning: the following objects are not accessed: 
Info: Done writing optimized VC model.. 
vc2vhdl -O -S 4 -I 2 -v -a -C -e ahir_system -w -s ghdl -T vector_control_daemon -f prog.vc -L /home/pratik/Files/MTP/ahir-master/release/functionLibrary//fpu.list
Info: -O option selected, will try to compress control-path..
Info: -S option selected: bypass stride will be set to 4.
Info: -I option is deprecated.. has no effect.
Info: -v option selected: lots of info will be printed to stderr.
Info: -a option selected: will try for minimum overall circuit area.
Info: -C option selected: will generate testbench which connects to foreign link.
Info: -e ahir_system top-level VHDL entity will have name ahir_system.unformatted_vhdl
Info: -w ahir_system will write separate system and testbench VHDL files.
Info: -s ghdl option selected: will generate testbench with VHPI link.
Info: module vector_control_daemon set as one of the ever-running top modules. 
   NOTE: vector_control_daemon cannot have any input/output arguments.
Info: will add library  /home/pratik/Files/MTP/ahir-master/release/functionLibrary//fpu.list.
Info: vcSystem::Add_Function_Library: added function library module fpu32 with delay 24
Info: vcSystem::Add_Function_Library: added function library module fpadd32 with delay 24
Info: vcSystem::Add_Function_Library: added function library module fpsub32 with delay 24
Info: vcSystem::Add_Function_Library: added function library module fpmul32 with delay 24
Info: vcSystem::Add_Function_Library: added function library module fpu64 with delay 24
Info: vcSystem::Add_Function_Library: added function library module fpadd64 with delay 24
Info: vcSystem::Add_Function_Library: added function library module fpsub64 with delay 24
Info: vcSystem::Add_Function_Library: added function library module fpmul64 with delay 24
Warning: module fdiv32 is not reachable from a top-level module, ignored
Warning: module fpadd32f is not reachable from a top-level module, ignored
Warning: module fpadd32fi is not reachable from a top-level module, ignored
Warning: module fpmul32f is not reachable from a top-level module, ignored
Warning: module fpsub32f is not reachable from a top-level module, ignored
Warning: module fpsub32fi is not reachable from a top-level module, ignored
Warning: module getBit64 is not reachable from a top-level module, ignored
Warning: module getSlice64 is not reachable from a top-level module, ignored
Warning: module iq_err_calc is not reachable from a top-level module, ignored
Warning: module omega_calc is not reachable from a top-level module, ignored
Warning: module rotor_flux_calc is not reachable from a top-level module, ignored
Warning: module setBit64 is not reachable from a top-level module, ignored
Warning: module setSlice64 is not reachable from a top-level module, ignored
Warning: module theta_calc is not reachable from a top-level module, ignored
vc2vhdl Error: exit not reachable from every element in fork region branch_block_stmt_1196/assign_stmt_1258
	 un-visited elements
	RPIPE_in_data1_1257_sample_start_
	RPIPE_in_data1_1257_sample_completed_
	RPIPE_in_data1_1257_Sample
Info: reducing Control-path 
Info: ADD_f32_f32_1345_inst included in vcBinarySplitOperator group 0
Info: ADD_f32_f32_1355_inst included in vcBinarySplitOperator group 0
Info: ADD_f32_f32_1366_inst included in vcBinarySplitOperator group 0
Info: ADD_f32_f32_1420_inst included in vcBinarySplitOperator group 0
Info: ADD_f32_f32_1501_inst included in vcBinarySplitOperator group 0
Info: ADD_f32_f32_1534_inst included in vcBinarySplitOperator group 0
Info: ADD_f32_f32_1554_inst included in vcBinarySplitOperator group 0
Info: ADD_f32_f32_1591_inst included in vcBinarySplitOperator group 0
Info: ADD_f32_f32_1611_inst included in vcBinarySplitOperator group 0
Info: ADD_f32_f32_1891_inst included in vcBinarySplitOperator group 0
Info: ADD_f32_f32_1901_inst included in vcBinarySplitOperator group 0
Info: ADD_f32_f32_1912_inst included in vcBinarySplitOperator group 0
Info: ADD_f32_f32_1968_inst included in vcBinarySplitOperator group 0
Info: ADD_f64_f64_1291_inst included in vcBinarySplitOperator group 1
Info: ADD_f64_f64_1319_inst included in vcBinarySplitOperator group 1
Info: ADD_u64_u64_1690_inst included in vcBinarySplitOperator group 2
Info: AND_u64_u64_1648_inst included in vcBinarySplitOperator group 3
Info: AND_u64_u64_1654_inst included in vcBinarySplitOperator group 4
Info: AND_u64_u64_1673_inst included in vcBinarySplitOperator group 5
Info: AND_u64_u64_1679_inst included in vcBinarySplitOperator group 6
Info: AND_u64_u64_1696_inst included in vcBinarySplitOperator group 7
Info: AND_u64_u64_1718_inst included in vcBinarySplitOperator group 8
Info: AND_u64_u64_1811_inst included in vcBinarySplitOperator group 9
Info: AND_u64_u64_1846_inst included in vcBinarySplitOperator group 10
Info: AND_u64_u64_1867_inst included in vcBinarySplitOperator group 11
Info: AND_u64_u64_2008_inst included in vcBinarySplitOperator group 12
Info: AND_u64_u64_2038_inst included in vcBinarySplitOperator group 13
Info: AND_u64_u64_2058_inst included in vcBinarySplitOperator group 14
Info: AND_u64_u64_2080_inst included in vcBinarySplitOperator group 15
Info: EQ_u64_u1_1660_inst included in vcBinarySplitOperator group 16
Info: EQ_u64_u1_1788_inst included in vcBinarySplitOperator group 17
Info: EQ_u64_u1_2014_inst included in vcBinarySplitOperator group 18
Info: LOAD_flux_rotor_lpf_prev_value_1594_load_0 included in vcLoad group 0
Info: MUL_f32_f32_1340_inst included in vcBinarySplitOperator group 19
Info: MUL_f32_f32_1361_inst included in vcBinarySplitOperator group 19
Info: MUL_f32_f32_1415_inst included in vcBinarySplitOperator group 19
Info: MUL_f32_f32_1495_inst included in vcBinarySplitOperator group 19
Info: MUL_f32_f32_1507_inst included in vcBinarySplitOperator group 19
Info: MUL_f32_f32_1528_inst included in vcBinarySplitOperator group 19
Info: MUL_f32_f32_1540_inst included in vcBinarySplitOperator group 19
Info: MUL_f32_f32_1548_inst included in vcBinarySplitOperator group 19
Info: MUL_f32_f32_1560_inst included in vcBinarySplitOperator group 19
Info: MUL_f32_f32_1580_inst included in vcBinarySplitOperator group 19
Info: MUL_f32_f32_1586_inst included in vcBinarySplitOperator group 19
Info: MUL_f32_f32_1600_inst included in vcBinarySplitOperator group 19
Info: MUL_f32_f32_1606_inst included in vcBinarySplitOperator group 19
Info: MUL_f32_f32_1620_inst included in vcBinarySplitOperator group 19
Info: MUL_f32_f32_1626_inst included in vcBinarySplitOperator group 19
Info: MUL_f32_f32_1886_inst included in vcBinarySplitOperator group 19
Info: MUL_f32_f32_1907_inst included in vcBinarySplitOperator group 19
Info: MUL_f32_f32_1918_inst included in vcBinarySplitOperator group 19
Info: MUL_f32_f32_1963_inst included in vcBinarySplitOperator group 19
Info: MUL_f32_f32_2111_inst included in vcBinarySplitOperator group 19
Info: MUL_f32_f32_2117_inst included in vcBinarySplitOperator group 19
Info: MUL_f32_f32_2123_inst included in vcBinarySplitOperator group 19
Info: MUL_f64_f64_1728_inst included in vcBinarySplitOperator group 20
Info: MUL_f64_f64_1739_inst included in vcBinarySplitOperator group 20
Info: MUL_f64_f64_1750_inst included in vcBinarySplitOperator group 20
Info: MUL_f64_f64_1755_inst included in vcBinarySplitOperator group 20
Info: MUL_f64_f64_1766_inst included in vcBinarySplitOperator group 20
Info: MUL_f64_f64_1771_inst included in vcBinarySplitOperator group 20
Info: MUL_f64_f64_1782_inst included in vcBinarySplitOperator group 20
Info: MUL_f64_f64_1805_inst included in vcBinarySplitOperator group 20
Info: MUL_f64_f64_1827_inst included in vcBinarySplitOperator group 20
Info: MUL_f64_f64_1836_inst included in vcBinarySplitOperator group 20
Info: MUL_f64_f64_2048_inst included in vcBinarySplitOperator group 20
Info: OR_u1_u1_1793_inst included in vcBinarySplitOperator group 21
Info: OR_u64_u64_1712_inst included in vcBinarySplitOperator group 22
Info: OR_u64_u64_1822_inst included in vcBinarySplitOperator group 23
Info: OR_u64_u64_1872_inst included in vcBinarySplitOperator group 24
Info: OR_u64_u64_2085_inst included in vcBinarySplitOperator group 25
Info: RPIPE_in_data1_1257_inst included in vcInport group 0
Info: RPIPE_in_data2_1260_inst included in vcInport group 1
Info: RPIPE_in_data3_1263_inst included in vcInport group 2
Info: RPIPE_in_data4_1266_inst included in vcInport group 3
Info: RPIPE_in_data5_1269_inst included in vcInport group 4
Info: SGT_f32_u1_1302_inst included in vcBinarySplitOperator group 26
Info: SGT_f32_u1_1439_inst included in vcBinarySplitOperator group 27
Info: SGT_f32_u1_1937_inst included in vcBinarySplitOperator group 28
Info: SGT_f32_u1_1987_inst included in vcBinarySplitOperator group 29
Info: SGT_f64_u1_1389_inst included in vcBinarySplitOperator group 30
Info: SGT_f64_u1_1469_inst included in vcBinarySplitOperator group 31
Info: SGT_f64_u1_1482_inst included in vcBinarySplitOperator group 32
Info: SGT_f64_u1_1515_inst included in vcBinarySplitOperator group 33
Info: SLT_f32_u1_1274_inst included in vcBinarySplitOperator group 34
Info: SLT_f32_u1_1426_inst included in vcBinarySplitOperator group 35
Info: SLT_f32_u1_1924_inst included in vcBinarySplitOperator group 36
Info: SLT_f32_u1_1974_inst included in vcBinarySplitOperator group 37
Info: SLT_f64_u1_1376_inst included in vcBinarySplitOperator group 38
Info: STORE_flux_rotor_lpf_prev_value_1613_store_0 included in vcStore group 0
Info: SUB_f32_f32_1350_inst included in vcBinarySplitOperator group 39
Info: SUB_f32_f32_1896_inst included in vcBinarySplitOperator group 39
Info: SUB_f64_f64_1734_inst included in vcBinarySplitOperator group 40
Info: SUB_f64_f64_1745_inst included in vcBinarySplitOperator group 40
Info: SUB_f64_f64_1761_inst included in vcBinarySplitOperator group 40
Info: SUB_f64_f64_1777_inst included in vcBinarySplitOperator group 40
Info: SUB_f64_f64_1817_inst included in vcBinarySplitOperator group 40
Info: SUB_u64_u64_1685_inst included in vcBinarySplitOperator group 41
Info: WPIPE_out_data1_2095_inst included in vcOutport group 0
Info: WPIPE_out_data2_2098_inst included in vcOutport group 1
Info: WPIPE_out_data3_2101_inst included in vcOutport group 2
Info: WPIPE_out_data4_2104_inst included in vcOutport group 3
Info: XOR_u64_u64_1861_inst included in vcBinarySplitOperator group 42
Info: type_cast_1285_inst included in vcUnarySplitOperator group 43
Info: type_cast_1295_inst included in vcUnarySplitOperator group 44
Info: type_cast_1313_inst included in vcUnarySplitOperator group 45
Info: type_cast_1323_inst included in vcUnarySplitOperator group 46
Info: type_cast_1370_inst included in vcUnarySplitOperator group 47
Info: type_cast_1463_inst included in vcUnarySplitOperator group 48
Info: type_cast_1630_inst included in vcUnarySplitOperator group 49
Info: type_cast_1634_inst included in vcUnarySplitOperator group 50
Info: type_cast_1880_inst included in vcUnarySplitOperator group 51
Info: type_cast_1998_inst included in vcUnarySplitOperator group 52
Info: type_cast_2093_inst included in vcUnarySplitOperator group 53
Info: printing VHDL global package
Info: printing top-level system VHDL file ahir_system.unformatted_vhdl
Info: printing VHDL model
Info: printing VHDL model for module vector_control_daemon
Warning: CP element 1 has no predecessors.. tie to false
-- CP-element group 1 transition  place  bypass 
-- predecessors 
-- successors 
-- members (3) {
-- 	$exit
-- 	branch_block_stmt_1196/$exit
-- 	branch_block_stmt_1196/branch_block_stmt_1196__exit__
-- }
Info: finished printing VHDL model
Info: printing Dot-file of CP for module vector_control_daemon
vhdlFormat < ahir_system_global_package.unformatted_vhdl > ahir_system_global_package.vhdl
vhdlFormat < ahir_system.unformatted_vhdl > ahir_system.vhdl
vhdlFormat < ahir_system_test_bench.unformatted_vhdl > ahir_system_test_bench.vhdl
gcc -c vhdlCStubs.c  -I./ -I./ -I/home/pratik/Files/MTP/ahir-master/release/CtestBench/include
gcc -c .//testbench.c -I/home/pratik/Files/MTP/ahir-master/release/pthreadUtils/include -I./ -I./ -I/home/pratik/Files/MTP/ahir-master/release/CtestBench/include
gcc -o testbench_hw testbench.o vhdlCStubs.o  -L/home/pratik/Files/MTP/ahir-master/release/CtestBench/lib -lSocketLib -lpthread -lm
ghdl --clean
ghdl --remove
ghdl -i --work=GhdlLink  /home/pratik/Files/MTP/ahir-master/release/vhdl/GhdlLink.vhdl
ghdl -i --work=ahir  /home/pratik/Files/MTP/ahir-master/release/vhdl/ahir.vhdl
ghdl -i --work=aHiR_ieee_proposed  /home/pratik/Files/MTP/ahir-master/release/vhdl/aHiR_ieee_proposed.vhdl
ghdl -i --work=work ahir_system_global_package.vhdl
ghdl -i --work=work ahir_system.vhdl
ghdl -i --work=work ahir_system_test_bench.vhdl
ghdl -m --work=work -Wl,-L/home/pratik/Files/MTP/ahir-master/release/CtestBench/lib -Wl,-lVhpi ahir_system_test_bench 
/home/pratik/Files/MTP/ahir-master/release/vhdl/aHiR_ieee_proposed.vhdl:905:12:warning: function "or_reduce" is never referenced
/home/pratik/Files/MTP/ahir-master/release/vhdl/aHiR_ieee_proposed.vhdl:950:12:warning: function "and_reduce" is never referenced
/home/pratik/Files/MTP/ahir-master/release/vhdl/aHiR_ieee_proposed.vhdl:1054:12:warning: function "qnoteq" is never referenced
/home/pratik/Files/MTP/ahir-master/release/vhdl/aHiR_ieee_proposed.vhdl:1124:12:warning: function "is_x" is never referenced
analyze /home/pratik/Files/MTP/ahir-master/release/vhdl/aHiR_ieee_proposed.vhdl
/home/pratik/Files/MTP/ahir-master/release/vhdl/aHiR_ieee_proposed.vhdl:905:12:warning: function "or_reduce" is never referenced
/home/pratik/Files/MTP/ahir-master/release/vhdl/aHiR_ieee_proposed.vhdl:950:12:warning: function "and_reduce" is never referenced
/home/pratik/Files/MTP/ahir-master/release/vhdl/aHiR_ieee_proposed.vhdl:1054:12:warning: function "qnoteq" is never referenced
/home/pratik/Files/MTP/ahir-master/release/vhdl/aHiR_ieee_proposed.vhdl:1124:12:warning: function "is_x" is never referenced
analyze /home/pratik/Files/MTP/ahir-master/release/vhdl/ahir.vhdl
analyze ahir_system_global_package.vhdl
analyze /home/pratik/Files/MTP/ahir-master/release/vhdl/GhdlLink.vhdl
analyze ahir_system_test_bench.vhdl
analyze ahir_system.vhdl
elaborate ahir_system_test_bench
