gcc -g -c -DSW  -I/home/pratik/Files/MTP/ahir-master/release/pipeHandler/include -I./ .//prog.c
gcc -g -c -DSW  -I/home/pratik/Files/MTP/ahir-master/release/pipeHandler/include -I/home/pratik/Files/MTP/ahir-master/release/pthreadUtils/include -I./ .//testbench.c 
gcc -g -o testbench_sw prog.o testbench.o -L/home/pratik/Files/MTP/ahir-master/release/pipeHandler/lib -lPipeHandler -lpthread -lm
clang -O3 -std=gnu89 -I/home/pratik/Files/MTP/ahir-master/release/CtestBench/include -I/home/pratik/Files/MTP/ahir-master/release/functionLibrary//include -emit-llvm -c .//prog.c
opt --indvars --loopsimplify prog.o -o prog.opt.o 
llvm-dis prog.opt.o
llvm2aa  prog.opt.o | vcFormat >  prog.aa
Warning: no modules specified.. will translate all functions
Info: -storageinit=false: storage initializers will not be generated
Info: locating portname in constant GEP [8 x i8] c"in_data\00"

Info: added pipe in_data with type $float<8,23>
Info: locating portname in constant GEP [8 x i8] c"in_data\00"

Info: locating portname in constant GEP [8 x i8] c"in_data\00"

Info: locating portname in constant GEP [8 x i8] c"in_data\00"

Info: locating portname in constant GEP [8 x i8] c"in_data\00"

Info: locating portname in constant GEP [9 x i8] c"out_data\00"

Info: added pipe out_data with type $float<8,23>
Info: locating portname in constant GEP [9 x i8] c"out_data\00"

Info: locating portname in constant GEP [9 x i8] c"out_data\00"

Info: locating portname in constant GEP [9 x i8] c"out_data\00"

Info: visiting function fpmul32f
Info: traversal: visited block bb_0
Info: Basic-block chain: bb_0 
Info: visiting function fpadd32f
Info: traversal: visited block bb_0
Info: Basic-block chain: bb_0 
Info: visiting function fpsub32f
Info: traversal: visited block bb_0
Info: Basic-block chain: bb_0 
Info: visiting function fpadd32fi
Info: traversal: visited block bb_0
Info: Basic-block chain: bb_0 
Info: visiting function fpsub32fi
Info: traversal: visited block bb_0
Info: Basic-block chain: bb_0 
Info: visiting function udiv32
Info: traversal: visited block bb_0
Info: traversal: visited block bb_2
Info: traversal: visited block .loopexit
Info: traversal: visited block bb_1
Info: traversal: visited block bb.nph7.preheader
Info: traversal: visited block UnifiedReturnBlock
Info: traversal: visited block bb.nph7
Info: traversal: visited block bb.nph.preheader
Info: traversal: visited block ._crit_edge
Info: traversal: visited block bb.nph
Info: traversal: visited block .loopexit.loopexit
Info: traversal: visited block ._crit_edge.loopexit
Info: Basic-block chain: bb_0 
Info: Basic-block chain: bb_1 
Info: Basic-block chain: bb_2 
Info: Basic-block chain: bbx_xnph7x_xpreheader 
Info: Basic-block chain: bbx_xnph7 
Info: Basic-block chain: bbx_xnphx_xpreheader 
Info: Basic-block chain: bbx_xnph 
Info: Basic-block chain: xx_x_crit_edgex_xloopexit 
Info: Basic-block chain: xx_x_crit_edge 
Info: Basic-block chain: xx_xloopexitx_xloopexit 
Info: Basic-block chain: xx_xloopexit 
Info: Basic-block chain: UnifiedReturnBlock 
Info: visiting function fdiv32
Info: traversal: visited block bb_0
Info: traversal: visited block bb_15
Info: traversal: visited block bb_1
Info: traversal: visited block UnifiedReturnBlock
Info: traversal: visited block bb.nph7.i.preheader
Info: traversal: visited block .loopexit.i
Info: traversal: visited block udiv32.exit.preheader
Info: traversal: visited block bb.nph7.i
Info: traversal: visited block bb.nph
Info: traversal: visited block .critedge
Info: traversal: visited block bb.nph.i.preheader
Info: traversal: visited block ._crit_edge.i
Info: traversal: visited block udiv32.exit
Info: traversal: visited block bb.nph.i
Info: traversal: visited block .loopexit.i.loopexit
Info: traversal: visited block udiv32.exit..critedge_crit_edge
Info: traversal: visited block ._crit_edge.i.loopexit
Info: Basic-block chain: bb_0 
Info: Basic-block chain: bb_1 
Info: Basic-block chain: bbx_xnph7x_xix_xpreheader 
Info: Basic-block chain: bbx_xnph7x_xi 
Info: Basic-block chain: bbx_xnphx_xix_xpreheader 
Info: Basic-block chain: bbx_xnphx_xi 
Info: Basic-block chain: xx_x_crit_edgex_xix_xloopexit 
Info: Basic-block chain: xx_x_crit_edgex_xi 
Info: Basic-block chain: xx_xloopexitx_xix_xloopexit 
Info: Basic-block chain: xx_xloopexitx_xi 
Info: Basic-block chain: udiv32x_xexitx_xpreheader 
Info: Basic-block chain: bbx_xnph 
Info: Basic-block chain: udiv32x_xexit 
Info: Basic-block chain: udiv32x_xexitx_xx_xcritedge_crit_edge 
Info: Basic-block chain: xx_xcritedge 
Info: Basic-block chain: bb_15 
Info: Basic-block chain: UnifiedReturnBlock 
Info: visiting function vector_control_daemon
Info: traversal: visited block bb_0
Info: traversal: visited block bb_1
Info: traversal: visited block bb_2
Info: traversal: visited block bb_3
Info: traversal: visited block bb_5
Info: traversal: visited block bb_4
Info: traversal: visited block bb_8
Info: traversal: visited block bb_6
Info: traversal: visited block bb_11
Info: traversal: visited block bb_9
Info: traversal: visited block bb_7
Info: traversal: visited block fdiv32.exit61
Info: traversal: visited block bb_12
Info: traversal: visited block bb_10
Info: traversal: visited block fdiv32.exit30
Info: traversal: visited block bb_27
Info: traversal: visited block bb.nph7.i.i35.preheader
Info: traversal: visited block .loopexit.i.i43
Info: traversal: visited block udiv32.exit.preheader.i46
Info: traversal: visited block bb_44
Info: traversal: visited block bb_42
Info: traversal: visited block bb.nph7.i.i4.preheader
Info: traversal: visited block .loopexit.i.i12
Info: traversal: visited block udiv32.exit.preheader.i15
Info: traversal: visited block bb.nph7.i.i35
Info: traversal: visited block udiv32.exit.i54.preheader
Info: traversal: visited block .critedge.i60
Info: traversal: visited block .thread
Info: traversal: visited block bb_45
Info: traversal: visited block bb_43
Info: traversal: visited block bb.nph7.i.i4
Info: traversal: visited block udiv32.exit.i23.preheader
Info: traversal: visited block .critedge.i29
Info: traversal: visited block bb.nph.i.i38.preheader
Info: traversal: visited block ._crit_edge.i.i41
Info: traversal: visited block udiv32.exit.i54
Info: traversal: visited block bb.nph7.i.i
Info: traversal: visited block bb_46
Info: traversal: visited block bb.nph.i.i7.preheader
Info: traversal: visited block ._crit_edge.i.i10
Info: traversal: visited block udiv32.exit.i23
Info: traversal: visited block bb.nph.i.i38
Info: traversal: visited block .loopexit.i.i43.loopexit
Info: traversal: visited block udiv32.exit..critedge_crit_edge.i56
Info: traversal: visited block bb.nph.i.i.preheader
Info: traversal: visited block ._crit_edge.i.i
Info: traversal: visited block fdiv32.exit
Info: traversal: visited block bb.nph.i.i7
Info: traversal: visited block .loopexit.i.i12.loopexit
Info: traversal: visited block udiv32.exit..critedge_crit_edge.i25
Info: traversal: visited block ._crit_edge.i.i41.loopexit
Info: traversal: visited block bb.nph.i.i
Info: traversal: visited block udiv32.exit.preheader.i
Info: traversal: visited block ._crit_edge.i.i10.loopexit
Info: traversal: visited block ._crit_edge.i.i.loopexit
Info: traversal: visited block udiv32.exit.i.preheader
Info: traversal: visited block .critedge.i
Info: traversal: visited block udiv32.exit.i
Info: traversal: visited block udiv32.exit..critedge_crit_edge.i
Info: Basic-block chain: bb_0 
Info: Basic-block chain: bb_1 
Info: Basic-block chain: bb_2 
Info: Basic-block chain: bb_3 
Info: Basic-block chain: bb_4 
Info: Basic-block chain: bb_5 
Info: Basic-block chain: bb_6 
Info: Basic-block chain: bb_7 
Info: Basic-block chain: bb_8 
Info: Basic-block chain: bb_9 
Info: Basic-block chain: bb_10 
Info: Basic-block chain: bb_11 
Info: Basic-block chain: bb_12 
Info: Basic-block chain: bbx_xnph7x_xix_xi35x_xpreheader 
Info: Basic-block chain: bbx_xnph7x_xix_xi35 
Info: Basic-block chain: bbx_xnphx_xix_xi38x_xpreheader 
Info: Basic-block chain: bbx_xnphx_xix_xi38 
Info: Basic-block chain: xx_x_crit_edgex_xix_xi41x_xloopexit 
Info: Basic-block chain: xx_x_crit_edgex_xix_xi41 
Info: Basic-block chain: xx_xloopexitx_xix_xi43x_xloopexit 
Info: Basic-block chain: xx_xloopexitx_xix_xi43 
Info: Basic-block chain: udiv32x_xexitx_xpreheaderx_xi46 
Info: Basic-block chain: udiv32x_xexitx_xi54x_xpreheader 
Info: Basic-block chain: udiv32x_xexitx_xi54 
Info: Basic-block chain: udiv32x_xexitx_xx_xcritedge_crit_edgex_xi56 
Info: Basic-block chain: xx_xcritedgex_xi60 
Info: Basic-block chain: fdiv32x_xexit61 
Info: Basic-block chain: bb_27 
Info: Basic-block chain: bbx_xnph7x_xix_xi4x_xpreheader 
Info: Basic-block chain: bbx_xnph7x_xix_xi4 
Info: Basic-block chain: bbx_xnphx_xix_xi7x_xpreheader 
Info: Basic-block chain: bbx_xnphx_xix_xi7 
Info: Basic-block chain: xx_x_crit_edgex_xix_xi10x_xloopexit 
Info: Basic-block chain: xx_x_crit_edgex_xix_xi10 
Info: Basic-block chain: xx_xloopexitx_xix_xi12x_xloopexit 
Info: Basic-block chain: xx_xloopexitx_xix_xi12 
Info: Basic-block chain: udiv32x_xexitx_xpreheaderx_xi15 
Info: Basic-block chain: udiv32x_xexitx_xi23x_xpreheader 
Info: Basic-block chain: udiv32x_xexitx_xi23 
Info: Basic-block chain: udiv32x_xexitx_xx_xcritedge_crit_edgex_xi25 
Info: Basic-block chain: xx_xcritedgex_xi29 
Info: Basic-block chain: fdiv32x_xexit30 
Info: Basic-block chain: bb_42 
Info: Basic-block chain: bb_43 
Info: Basic-block chain: bb_44 
Info: Basic-block chain: bb_45 
Info: Basic-block chain: bb_46 
Info: Basic-block chain: xx_xthread 
Info: Basic-block chain: bbx_xnph7x_xix_xi 
Info: Basic-block chain: bbx_xnphx_xix_xix_xpreheader 
Info: Basic-block chain: bbx_xnphx_xix_xi 
Info: Basic-block chain: xx_x_crit_edgex_xix_xix_xloopexit 
Info: Basic-block chain: xx_x_crit_edgex_xix_xi 
Info: Basic-block chain: udiv32x_xexitx_xpreheaderx_xi 
Info: Basic-block chain: udiv32x_xexitx_xix_xpreheader 
Info: Basic-block chain: udiv32x_xexitx_xi 
Info: Basic-block chain: udiv32x_xexitx_xx_xcritedge_crit_edgex_xi 
Info: Basic-block chain: xx_xcritedgex_xi 
Info: Basic-block chain: fdiv32x_xexit 
Info: ignoring get-element-ptr to progx_xoptx_xo_iNtErNal_xx_xstr since it is not (really) used in any function..
Info: locating portname in constant GEP [8 x i8] c"in_data\00"

Info: ignoring get-element-ptr to progx_xoptx_xo_iNtErNal_xx_xstr since it is not (really) used in any function..
Info: locating portname in constant GEP [8 x i8] c"in_data\00"

Info: ignoring get-element-ptr to progx_xoptx_xo_iNtErNal_xx_xstr since it is not (really) used in any function..
Info: locating portname in constant GEP [8 x i8] c"in_data\00"

Info: ignoring get-element-ptr to progx_xoptx_xo_iNtErNal_xx_xstr since it is not (really) used in any function..
Info: locating portname in constant GEP [8 x i8] c"in_data\00"

Info: ignoring get-element-ptr to progx_xoptx_xo_iNtErNal_xx_xstr since it is not (really) used in any function..
Info: locating portname in constant GEP [8 x i8] c"in_data\00"

Info: ignoring get-element-ptr to progx_xoptx_xo_iNtErNal_xx_xstr1 since it is not (really) used in any function..
Info: locating portname in constant GEP [9 x i8] c"out_data\00"

Info: ignoring get-element-ptr to progx_xoptx_xo_iNtErNal_xx_xstr1 since it is not (really) used in any function..
Info: locating portname in constant GEP [9 x i8] c"out_data\00"

Info: ignoring get-element-ptr to progx_xoptx_xo_iNtErNal_xx_xstr1 since it is not (really) used in any function..
Info: locating portname in constant GEP [9 x i8] c"out_data\00"

Info: ignoring get-element-ptr to progx_xoptx_xo_iNtErNal_xx_xstr1 since it is not (really) used in any function..
Info: locating portname in constant GEP [9 x i8] c"out_data\00"

Info: visiting function read_float32
Info: ignoring external function read_float32
Info: visiting function write_float32
Info: ignoring external function write_float32
Aa2VC -O -C prog.aa | vcFormat > prog.vc
Info: -O option selected, will parallelize straight-line sequences
Info: -C option selected, will generate C-stubs for mixed C-VHDL simulation
Info: elaborating the program .... initializing the call-graph
Info: mapping object references..
Info: checking for cycles in the call-graph ... 
Info: module order:
	fdiv32
	fpadd32f
	fpadd32fi
	fpmul32f
	fpsub32f
	fpsub32fi
	udiv32
	vector_control_daemon
Info: marking modules reachable from root-modules ... 
Info: module fdiv32 is reachable from a specified root module.
Info: module fpadd32f is reachable from a specified root module.
Info: module fpadd32fi is reachable from a specified root module.
Info: module fpmul32f is reachable from a specified root module.
Info: module fpsub32f is reachable from a specified root module.
Info: module fpsub32fi is reachable from a specified root module.
Info: module udiv32 is reachable from a specified root module.
Info: module vector_control_daemon is reachable from a specified root module.
Info: propagating types in the program ... 
Info: coalescing storage into distinct memory spaces ... 
Info: Marking foreign pointers in modules which are not called from the program
Info: Coalescing storage from native objects..
Info: Recoalescing from x with addressable-object foreign( $void )
Info: Recoalescing from y with addressable-object foreign( $void )
Info: Recoalescing from ret_val__ with addressable-object foreign( $void )
Info: Recoalescing from x with addressable-object foreign( $void )
Info: Recoalescing from y with addressable-object foreign( $void )
Info: Recoalescing from ret_val__ with addressable-object foreign( $void )
Info: Recoalescing from y with addressable-object foreign( $void )
Info: Recoalescing from x with addressable-object foreign( $void )
Info: Recoalescing from y with addressable-object foreign( $void )
Info: Recoalescing from ret_val__ with addressable-object foreign( $void )
Info: Recoalescing from x with addressable-object foreign( $void )
Info: Recoalescing from y with addressable-object foreign( $void )
Info: Recoalescing from ret_val__ with addressable-object foreign( $void )
Info: Recoalescing from x with addressable-object foreign( $void )
Info: Recoalescing from ret_val__ with addressable-object foreign( $void )
Info: Recoalescing from dividend with addressable-object foreign( $void )
Info: Recoalescing from divisor with addressable-object foreign( $void )
Info: Recoalescing from ret_val__ with addressable-object foreign( $void )
Info: Recoalescing from a with addressable-object foreign( $void )
Info: Recoalescing from b with addressable-object foreign( $void )
Info: Recoalescing from ret_val__ with addressable-object foreign( $void )
Info: Finished coalescing storage.. identified 1 disjoint memory space(s)
Info: Memory space 0: 
Warning: foreign storage object ignored in memory space identification
Warning: memory space memory_space_0 is not written into in the program
Warning: memory space memory_space_0 is not read from in the program
Warning: memory space memory_space_0 is not accessed 
Info: propagating constants in the program ... 
Info: Writing optimized VC model.. 
Warning: the following objects are not accessed: 
Info: Done writing optimized VC model.. 
vc2vhdl -O -S 4 -I 2 -v -a -C -e ahir_system -w -s ghdl -T vector_control_daemon -f prog.vc -L /home/pratik/Files/MTP/ahir-master/release/functionLibrary//fpu.list
Info: -O option selected, will try to compress control-path..
Info: -S option selected: bypass stride will be set to 4.
Info: -I option is deprecated.. has no effect.
Info: -v option selected: lots of info will be printed to stderr.
Info: -a option selected: will try for minimum overall circuit area.
Info: -C option selected: will generate testbench which connects to foreign link.
Info: -e ahir_system top-level VHDL entity will have name ahir_system.unformatted_vhdl
Info: -w ahir_system will write separate system and testbench VHDL files.
Info: -s ghdl option selected: will generate testbench with VHPI link.
Info: module vector_control_daemon set as one of the ever-running top modules. 
   NOTE: vector_control_daemon cannot have any input/output arguments.
Info: will add library  /home/pratik/Files/MTP/ahir-master/release/functionLibrary//fpu.list.
Info: vcSystem::Add_Function_Library: added function library module fpu32 with delay 24
Info: vcSystem::Add_Function_Library: added function library module fpadd32 with delay 24
Info: vcSystem::Add_Function_Library: added function library module fpsub32 with delay 24
Info: vcSystem::Add_Function_Library: added function library module fpmul32 with delay 24
Info: vcSystem::Add_Function_Library: added function library module fpu64 with delay 24
Info: vcSystem::Add_Function_Library: added function library module fpadd64 with delay 24
Info: vcSystem::Add_Function_Library: added function library module fpsub64 with delay 24
Info: vcSystem::Add_Function_Library: added function library module fpmul64 with delay 24
Warning: module fdiv32 is not reachable from a top-level module, ignored
Warning: module fpadd32f is not reachable from a top-level module, ignored
Warning: module fpadd32fi is not reachable from a top-level module, ignored
Warning: module fpmul32f is not reachable from a top-level module, ignored
Warning: module fpsub32f is not reachable from a top-level module, ignored
Warning: module fpsub32fi is not reachable from a top-level module, ignored
Warning: module udiv32 is not reachable from a top-level module, ignored
vc2vhdl Error: exit not reachable from every element in fork region branch_block_stmt_707/assign_stmt_769
	 un-visited elements
	RPIPE_in_data_768_sample_start_
	RPIPE_in_data_768_sample_completed_
	RPIPE_in_data_768_Sample
Info: reducing Control-path 
Info: ADD_f32_f32_1432_inst included in vcBinarySplitOperator group 0
Info: ADD_f32_f32_1443_inst included in vcBinarySplitOperator group 0
Info: ADD_f32_f32_1883_inst included in vcBinarySplitOperator group 0
Info: ADD_f32_f32_1900_inst included in vcBinarySplitOperator group 0
Info: ADD_f32_f32_1956_inst included in vcBinarySplitOperator group 0
Info: ADD_f32_f32_857_inst included in vcBinarySplitOperator group 0
Info: ADD_f32_f32_867_inst included in vcBinarySplitOperator group 0
Info: ADD_f32_f32_878_inst included in vcBinarySplitOperator group 0
Info: ADD_f32_f32_932_inst included in vcBinarySplitOperator group 0
Info: ADD_f32_f32_988_inst included in vcBinarySplitOperator group 0
Info: ADD_f64_f64_803_inst included in vcBinarySplitOperator group 1
Info: ADD_f64_f64_831_inst included in vcBinarySplitOperator group 1
Info: ADD_u32_u32_1206_inst included in vcBinarySplitOperator group 2
Info: ADD_u32_u32_1332_inst included in vcBinarySplitOperator group 3
Info: ADD_u32_u32_1365_inst included in vcBinarySplitOperator group 4
Info: ADD_u32_u32_1403_inst included in vcBinarySplitOperator group 5
Info: ADD_u32_u32_1651_inst included in vcBinarySplitOperator group 6
Info: ADD_u32_u32_1777_inst included in vcBinarySplitOperator group 7
Info: ADD_u32_u32_1810_inst included in vcBinarySplitOperator group 8
Info: ADD_u32_u32_1848_inst included in vcBinarySplitOperator group 9
Info: ADD_u32_u32_2135_inst included in vcBinarySplitOperator group 10
Info: ADD_u32_u32_2182_inst included in vcBinarySplitOperator group 11
Info: ADD_u32_u32_2267_inst included in vcBinarySplitOperator group 12
Info: ADD_u32_u32_2289_inst included in vcBinarySplitOperator group 13
Info: ADD_u32_u32_2327_inst included in vcBinarySplitOperator group 14
Info: AND_u1_u1_1272_inst included in vcBinarySplitOperator group 15
Info: AND_u1_u1_1326_inst included in vcBinarySplitOperator group 16
Info: AND_u1_u1_1717_inst included in vcBinarySplitOperator group 17
Info: AND_u1_u1_1771_inst included in vcBinarySplitOperator group 18
Info: AND_u1_u1_2207_inst included in vcBinarySplitOperator group 19
Info: AND_u1_u1_2261_inst included in vcBinarySplitOperator group 20
Info: AND_u32_u32_1027_inst included in vcBinarySplitOperator group 21
Info: AND_u32_u32_1039_inst included in vcBinarySplitOperator group 22
Info: AND_u32_u32_1051_inst included in vcBinarySplitOperator group 23
Info: AND_u32_u32_1069_inst included in vcBinarySplitOperator group 24
Info: AND_u32_u32_1086_inst included in vcBinarySplitOperator group 25
Info: AND_u32_u32_1253_inst included in vcBinarySplitOperator group 26
Info: AND_u32_u32_1307_inst included in vcBinarySplitOperator group 27
Info: AND_u32_u32_1391_inst included in vcBinarySplitOperator group 28
Info: AND_u32_u32_1472_inst included in vcBinarySplitOperator group 29
Info: AND_u32_u32_1484_inst included in vcBinarySplitOperator group 30
Info: AND_u32_u32_1496_inst included in vcBinarySplitOperator group 31
Info: AND_u32_u32_1514_inst included in vcBinarySplitOperator group 32
Info: AND_u32_u32_1531_inst included in vcBinarySplitOperator group 33
Info: AND_u32_u32_1698_inst included in vcBinarySplitOperator group 34
Info: AND_u32_u32_1752_inst included in vcBinarySplitOperator group 35
Info: AND_u32_u32_1836_inst included in vcBinarySplitOperator group 36
Info: AND_u32_u32_2022_inst included in vcBinarySplitOperator group 37
Info: AND_u32_u32_2170_inst included in vcBinarySplitOperator group 38
Info: AND_u32_u32_2176_inst included in vcBinarySplitOperator group 39
Info: AND_u32_u32_2188_inst included in vcBinarySplitOperator group 40
Info: AND_u32_u32_2242_inst included in vcBinarySplitOperator group 41
Info: AND_u32_u32_2315_inst included in vcBinarySplitOperator group 42
Info: EQ_f32_u1_1008_inst included in vcBinarySplitOperator group 43
Info: EQ_f32_u1_1453_inst included in vcBinarySplitOperator group 44
Info: EQ_f32_u1_1988_inst included in vcBinarySplitOperator group 45
Info: EQ_u32_u1_1259_inst included in vcBinarySplitOperator group 46
Info: EQ_u32_u1_1313_inst included in vcBinarySplitOperator group 47
Info: EQ_u32_u1_1704_inst included in vcBinarySplitOperator group 48
Info: EQ_u32_u1_1758_inst included in vcBinarySplitOperator group 49
Info: EQ_u32_u1_2194_inst included in vcBinarySplitOperator group 50
Info: EQ_u32_u1_2248_inst included in vcBinarySplitOperator group 51
Info: LSHR_u32_u32_1021_inst included in vcBinarySplitOperator group 52
Info: LSHR_u32_u32_1033_inst included in vcBinarySplitOperator group 53
Info: LSHR_u32_u32_1063_inst included in vcBinarySplitOperator group 54
Info: LSHR_u32_u32_1124_inst included in vcBinarySplitOperator group 55
Info: LSHR_u32_u32_1466_inst included in vcBinarySplitOperator group 56
Info: LSHR_u32_u32_1478_inst included in vcBinarySplitOperator group 57
Info: LSHR_u32_u32_1508_inst included in vcBinarySplitOperator group 58
Info: LSHR_u32_u32_1569_inst included in vcBinarySplitOperator group 59
Info: LSHR_u32_u32_2050_inst included in vcBinarySplitOperator group 60
Info: LSHR_u32_u32_2164_inst included in vcBinarySplitOperator group 61
Info: MUL_f32_f32_1438_inst included in vcBinarySplitOperator group 62
Info: MUL_f32_f32_1878_inst included in vcBinarySplitOperator group 62
Info: MUL_f32_f32_1895_inst included in vcBinarySplitOperator group 62
Info: MUL_f32_f32_1906_inst included in vcBinarySplitOperator group 62
Info: MUL_f32_f32_1951_inst included in vcBinarySplitOperator group 62
Info: MUL_f32_f32_2369_inst included in vcBinarySplitOperator group 62
Info: MUL_f32_f32_2375_inst included in vcBinarySplitOperator group 62
Info: MUL_f32_f32_2381_inst included in vcBinarySplitOperator group 62
Info: MUL_f32_f32_852_inst included in vcBinarySplitOperator group 62
Info: MUL_f32_f32_873_inst included in vcBinarySplitOperator group 62
Info: MUL_f32_f32_927_inst included in vcBinarySplitOperator group 62
Info: MUL_f32_f32_964_inst included in vcBinarySplitOperator group 62
Info: MUL_f32_f32_983_inst included in vcBinarySplitOperator group 62
Info: MUL_f32_f32_994_inst included in vcBinarySplitOperator group 62
Info: NEQ_i32_u1_1267_inst included in vcBinarySplitOperator group 63
Info: NEQ_i32_u1_1321_inst included in vcBinarySplitOperator group 64
Info: NEQ_i32_u1_1712_inst included in vcBinarySplitOperator group 65
Info: NEQ_i32_u1_1766_inst included in vcBinarySplitOperator group 66
Info: NEQ_i32_u1_2202_inst included in vcBinarySplitOperator group 67
Info: NEQ_i32_u1_2256_inst included in vcBinarySplitOperator group 68
Info: OR_u32_u32_1057_inst included in vcBinarySplitOperator group 69
Info: OR_u32_u32_1075_inst included in vcBinarySplitOperator group 70
Info: OR_u32_u32_1354_inst included in vcBinarySplitOperator group 71
Info: OR_u32_u32_1408_inst included in vcBinarySplitOperator group 72
Info: OR_u32_u32_1413_inst included in vcBinarySplitOperator group 73
Info: OR_u32_u32_1502_inst included in vcBinarySplitOperator group 74
Info: OR_u32_u32_1520_inst included in vcBinarySplitOperator group 75
Info: OR_u32_u32_1799_inst included in vcBinarySplitOperator group 76
Info: OR_u32_u32_1853_inst included in vcBinarySplitOperator group 77
Info: OR_u32_u32_1858_inst included in vcBinarySplitOperator group 78
Info: OR_u32_u32_2028_inst included in vcBinarySplitOperator group 79
Info: OR_u32_u32_2332_inst included in vcBinarySplitOperator group 80
Info: OR_u32_u32_2337_inst included in vcBinarySplitOperator group 81
Info: RPIPE_in_data_768_inst included in vcInport group 0
Info: RPIPE_in_data_771_inst included in vcInport group 0
Info: RPIPE_in_data_774_inst included in vcInport group 0
Info: RPIPE_in_data_777_inst included in vcInport group 0
Info: RPIPE_in_data_780_inst included in vcInport group 0
Info: SGT_f32_u1_1925_inst included in vcBinarySplitOperator group 82
Info: SGT_f32_u1_1975_inst included in vcBinarySplitOperator group 83
Info: SGT_f32_u1_814_inst included in vcBinarySplitOperator group 84
Info: SGT_f32_u1_951_inst included in vcBinarySplitOperator group 85
Info: SGT_f64_u1_901_inst included in vcBinarySplitOperator group 86
Info: SHL_u32_u32_1045_inst included in vcBinarySplitOperator group 87
Info: SHL_u32_u32_1158_inst included in vcBinarySplitOperator group 88
Info: SHL_u32_u32_1164_inst included in vcBinarySplitOperator group 89
Info: SHL_u32_u32_1301_inst included in vcBinarySplitOperator group 90
Info: SHL_u32_u32_1397_inst included in vcBinarySplitOperator group 91
Info: SHL_u32_u32_1490_inst included in vcBinarySplitOperator group 92
Info: SHL_u32_u32_1603_inst included in vcBinarySplitOperator group 93
Info: SHL_u32_u32_1609_inst included in vcBinarySplitOperator group 94
Info: SHL_u32_u32_1746_inst included in vcBinarySplitOperator group 95
Info: SHL_u32_u32_1842_inst included in vcBinarySplitOperator group 96
Info: SHL_u32_u32_2016_inst included in vcBinarySplitOperator group 97
Info: SHL_u32_u32_2086_inst included in vcBinarySplitOperator group 98
Info: SHL_u32_u32_2092_inst included in vcBinarySplitOperator group 99
Info: SHL_u32_u32_2236_inst included in vcBinarySplitOperator group 100
Info: SHL_u32_u32_2321_inst included in vcBinarySplitOperator group 101
Info: SLT_f32_u1_1912_inst included in vcBinarySplitOperator group 102
Info: SLT_f32_u1_1962_inst included in vcBinarySplitOperator group 103
Info: SLT_f32_u1_785_inst included in vcBinarySplitOperator group 104
Info: SLT_f32_u1_938_inst included in vcBinarySplitOperator group 105
Info: SLT_f64_u1_888_inst included in vcBinarySplitOperator group 106
Info: SUB_f32_f32_1889_inst included in vcBinarySplitOperator group 107
Info: SUB_f32_f32_862_inst included in vcBinarySplitOperator group 107
Info: SUB_u32_u32_1091_inst included in vcBinarySplitOperator group 108
Info: SUB_u32_u32_1211_inst included in vcBinarySplitOperator group 109
Info: SUB_u32_u32_1370_inst included in vcBinarySplitOperator group 110
Info: SUB_u32_u32_1536_inst included in vcBinarySplitOperator group 111
Info: SUB_u32_u32_1656_inst included in vcBinarySplitOperator group 112
Info: SUB_u32_u32_1815_inst included in vcBinarySplitOperator group 113
Info: SUB_u32_u32_2140_inst included in vcBinarySplitOperator group 114
Info: SUB_u32_u32_2294_inst included in vcBinarySplitOperator group 115
Info: UGT_u32_u1_1129_inst included in vcBinarySplitOperator group 116
Info: UGT_u32_u1_1574_inst included in vcBinarySplitOperator group 117
Info: UGT_u32_u1_2056_inst included in vcBinarySplitOperator group 118
Info: ULT_u32_u1_1169_inst included in vcBinarySplitOperator group 119
Info: ULT_u32_u1_1216_inst included in vcBinarySplitOperator group 120
Info: ULT_u32_u1_1614_inst included in vcBinarySplitOperator group 121
Info: ULT_u32_u1_1661_inst included in vcBinarySplitOperator group 122
Info: ULT_u32_u1_2097_inst included in vcBinarySplitOperator group 123
Info: ULT_u32_u1_2146_inst included in vcBinarySplitOperator group 124
Info: WPIPE_out_data_2353_inst included in vcOutport group 0
Info: WPIPE_out_data_2356_inst included in vcOutport group 0
Info: WPIPE_out_data_2359_inst included in vcOutport group 0
Info: WPIPE_out_data_2362_inst included in vcOutport group 0
Info: XOR_u32_u32_1080_inst included in vcBinarySplitOperator group 125
Info: XOR_u32_u32_1360_inst included in vcBinarySplitOperator group 126
Info: XOR_u32_u32_1525_inst included in vcBinarySplitOperator group 127
Info: XOR_u32_u32_1805_inst included in vcBinarySplitOperator group 128
Info: switch_stmt_1093_select_expr_0 included in vcBinarySplitOperator group 129
Info: switch_stmt_1093_select_expr_1 included in vcBinarySplitOperator group 130
Info: switch_stmt_1538_select_expr_0 included in vcBinarySplitOperator group 131
Info: switch_stmt_1538_select_expr_1 included in vcBinarySplitOperator group 132
Info: type_cast_1263_inst included in vcUnarySplitOperator group 133
Info: type_cast_1317_inst included in vcUnarySplitOperator group 134
Info: type_cast_1708_inst included in vcUnarySplitOperator group 135
Info: type_cast_1762_inst included in vcUnarySplitOperator group 136
Info: type_cast_2198_inst included in vcUnarySplitOperator group 137
Info: type_cast_2252_inst included in vcUnarySplitOperator group 138
Info: type_cast_797_inst included in vcUnarySplitOperator group 139
Info: type_cast_807_inst included in vcUnarySplitOperator group 140
Info: type_cast_825_inst included in vcUnarySplitOperator group 141
Info: type_cast_835_inst included in vcUnarySplitOperator group 142
Info: type_cast_882_inst included in vcUnarySplitOperator group 143
Info: printing VHDL global package
Info: printing top-level system VHDL file ahir_system.unformatted_vhdl
Info: printing VHDL model
Info: printing VHDL model for module vector_control_daemon
Warning: CP element 1 has no predecessors.. tie to false
-- CP-element group 1 transition  place  bypass 
-- predecessors 
-- successors 
-- members (3) {
-- 	$exit
-- 	branch_block_stmt_707/$exit
-- 	branch_block_stmt_707/branch_block_stmt_707__exit__
-- }
Info: finished printing VHDL model
Info: printing Dot-file of CP for module vector_control_daemon
vhdlFormat < ahir_system_global_package.unformatted_vhdl > ahir_system_global_package.vhdl
vhdlFormat < ahir_system.unformatted_vhdl > ahir_system.vhdl
vhdlFormat < ahir_system_test_bench.unformatted_vhdl > ahir_system_test_bench.vhdl
gcc -c vhdlCStubs.c  -I./ -I./ -I/home/pratik/Files/MTP/ahir-master/release/CtestBench/include
gcc -c .//testbench.c -I/home/pratik/Files/MTP/ahir-master/release/pthreadUtils/include -I./ -I./ -I/home/pratik/Files/MTP/ahir-master/release/CtestBench/include
gcc -o testbench_hw testbench.o vhdlCStubs.o  -L/home/pratik/Files/MTP/ahir-master/release/CtestBench/lib -lSocketLib -lpthread -lm
ghdl --clean
ghdl --remove
ghdl -i --work=GhdlLink  /home/pratik/Files/MTP/ahir-master/release/vhdl/GhdlLink.vhdl
ghdl -i --work=ahir  /home/pratik/Files/MTP/ahir-master/release/vhdl/ahir.vhdl
ghdl -i --work=aHiR_ieee_proposed  /home/pratik/Files/MTP/ahir-master/release/vhdl/aHiR_ieee_proposed.vhdl
ghdl -i --work=work ahir_system_global_package.vhdl
ghdl -i --work=work ahir_system.vhdl
ghdl -i --work=work ahir_system_test_bench.vhdl
ghdl -m --work=work -Wl,-L/home/pratik/Files/MTP/ahir-master/release/CtestBench/lib -Wl,-lVhpi ahir_system_test_bench 
/home/pratik/Files/MTP/ahir-master/release/vhdl/aHiR_ieee_proposed.vhdl:905:12:warning: function "or_reduce" is never referenced
/home/pratik/Files/MTP/ahir-master/release/vhdl/aHiR_ieee_proposed.vhdl:950:12:warning: function "and_reduce" is never referenced
/home/pratik/Files/MTP/ahir-master/release/vhdl/aHiR_ieee_proposed.vhdl:1054:12:warning: function "qnoteq" is never referenced
/home/pratik/Files/MTP/ahir-master/release/vhdl/aHiR_ieee_proposed.vhdl:1124:12:warning: function "is_x" is never referenced
analyze /home/pratik/Files/MTP/ahir-master/release/vhdl/aHiR_ieee_proposed.vhdl
/home/pratik/Files/MTP/ahir-master/release/vhdl/aHiR_ieee_proposed.vhdl:905:12:warning: function "or_reduce" is never referenced
/home/pratik/Files/MTP/ahir-master/release/vhdl/aHiR_ieee_proposed.vhdl:950:12:warning: function "and_reduce" is never referenced
/home/pratik/Files/MTP/ahir-master/release/vhdl/aHiR_ieee_proposed.vhdl:1054:12:warning: function "qnoteq" is never referenced
/home/pratik/Files/MTP/ahir-master/release/vhdl/aHiR_ieee_proposed.vhdl:1124:12:warning: function "is_x" is never referenced
analyze /home/pratik/Files/MTP/ahir-master/release/vhdl/ahir.vhdl
analyze ahir_system_global_package.vhdl
analyze /home/pratik/Files/MTP/ahir-master/release/vhdl/GhdlLink.vhdl
analyze ahir_system_test_bench.vhdl
analyze ahir_system.vhdl
elaborate ahir_system_test_bench
